  main.cpp
d:\users\course\大三\計算機圖學\opengl_hw\opengl_hw\main.cpp(97): warning C4390: ';': 找到空白的控制陳述式，是正確的嗎?
d:\users\course\大三\計算機圖學\opengl_hw\opengl_hw\main.cpp(100): warning C4390: ';': 找到空白的控制陳述式，是正確的嗎?
  InitShader.cpp
  Transform.cpp
  Timer.cpp
  Planet.cpp
d:\users\course\大三\計算機圖學\opengl_hw\opengl_hw\common\planet.cpp(23): warning C4244: '引數': 將 'double' 轉換為 'float'，由於類型不同，可能導致資料遺失
d:\users\course\大三\計算機圖學\opengl_hw\opengl_hw\common\planet.cpp(24): warning C4244: '引數': 將 'double' 轉換為 'float'，由於類型不同，可能導致資料遺失
  PBoat.cpp
d:\users\course\大三\計算機圖學\opengl_hw\opengl_hw\common\pboat.cpp(73): warning C4244: '引數': 將 'double' 轉換為 'float'，由於類型不同，可能導致資料遺失
d:\users\course\大三\計算機圖學\opengl_hw\opengl_hw\common\pboat.cpp(74): warning C4244: '引數': 將 'double' 轉換為 'float'，由於類型不同，可能導致資料遺失
d:\users\course\大三\計算機圖學\opengl_hw\opengl_hw\common\pboat.cpp(81): warning C4244: '引數': 將 'double' 轉換為 'float'，由於類型不同，可能導致資料遺失
d:\users\course\大三\計算機圖學\opengl_hw\opengl_hw\common\pboat.cpp(82): warning C4244: '引數': 將 'double' 轉換為 'float'，由於類型不同，可能導致資料遺失
  MainScene.cpp
  EnemyManager.cpp
  Enemy.cpp
d:\users\course\大三\計算機圖學\opengl_hw\opengl_hw\common\enemy.cpp(73): warning C4244: '引數': 將 'double' 轉換為 'float'，由於類型不同，可能導致資料遺失
d:\users\course\大三\計算機圖學\opengl_hw\opengl_hw\common\enemy.cpp(74): warning C4244: '引數': 將 'double' 轉換為 'float'，由於類型不同，可能導致資料遺失
d:\users\course\大三\計算機圖學\opengl_hw\opengl_hw\common\enemy.cpp(200): warning C4244: '引數': 將 'double' 轉換為 'float'，由於類型不同，可能導致資料遺失
d:\users\course\大三\計算機圖學\opengl_hw\opengl_hw\common\enemy.cpp(201): warning C4244: '引數': 將 'double' 轉換為 'float'，由於類型不同，可能導致資料遺失
d:\users\course\大三\計算機圖學\opengl_hw\opengl_hw\common\enemy.cpp(382): warning C4244: '引數': 將 'double' 轉換為 'float'，由於類型不同，可能導致資料遺失
d:\users\course\大三\計算機圖學\opengl_hw\opengl_hw\common\enemy.cpp(383): warning C4244: '引數': 將 'double' 轉換為 'float'，由於類型不同，可能導致資料遺失
d:\users\course\大三\計算機圖學\opengl_hw\opengl_hw\common\enemy.cpp(402): warning C4244: '引數': 將 'double' 轉換為 'float'，由於類型不同，可能導致資料遺失
d:\users\course\大三\計算機圖學\opengl_hw\opengl_hw\common\enemy.cpp(403): warning C4244: '引數': 將 'double' 轉換為 'float'，由於類型不同，可能導致資料遺失
d:\users\course\大三\計算機圖學\opengl_hw\opengl_hw\common\enemy.cpp(413): warning C4244: '引數': 將 'double' 轉換為 'float'，由於類型不同，可能導致資料遺失
d:\users\course\大三\計算機圖學\opengl_hw\opengl_hw\common\enemy.cpp(414): warning C4244: '引數': 將 'double' 轉換為 'float'，由於類型不同，可能導致資料遺失
d:\users\course\大三\計算機圖學\opengl_hw\opengl_hw\common\enemy.cpp(468): warning C4244: '引數': 將 'double' 轉換為 'float'，由於類型不同，可能導致資料遺失
d:\users\course\大三\計算機圖學\opengl_hw\opengl_hw\common\enemy.cpp(469): warning C4244: '引數': 將 'double' 轉換為 'float'，由於類型不同，可能導致資料遺失
d:\users\course\大三\計算機圖學\opengl_hw\opengl_hw\common\enemy.cpp(524): warning C4244: '引數': 將 'double' 轉換為 'float'，由於類型不同，可能導致資料遺失
d:\users\course\大三\計算機圖學\opengl_hw\opengl_hw\common\enemy.cpp(525): warning C4244: '引數': 將 'double' 轉換為 'float'，由於類型不同，可能導致資料遺失
d:\users\course\大三\計算機圖學\opengl_hw\opengl_hw\common\enemy.cpp(535): warning C4244: '引數': 將 'double' 轉換為 'float'，由於類型不同，可能導致資料遺失
d:\users\course\大三\計算機圖學\opengl_hw\opengl_hw\common\enemy.cpp(536): warning C4244: '引數': 將 'double' 轉換為 'float'，由於類型不同，可能導致資料遺失
d:\users\course\大三\計算機圖學\opengl_hw\opengl_hw\common\enemy.cpp(547): warning C4244: '引數': 將 'double' 轉換為 'float'，由於類型不同，可能導致資料遺失
d:\users\course\大三\計算機圖學\opengl_hw\opengl_hw\common\enemy.cpp(548): warning C4244: '引數': 將 'double' 轉換為 'float'，由於類型不同，可能導致資料遺失
d:\users\course\大三\計算機圖學\opengl_hw\opengl_hw\common\enemy.cpp(558): warning C4244: '引數': 將 'double' 轉換為 'float'，由於類型不同，可能導致資料遺失
d:\users\course\大三\計算機圖學\opengl_hw\opengl_hw\common\enemy.cpp(559): warning C4244: '引數': 將 'double' 轉換為 'float'，由於類型不同，可能導致資料遺失
d:\users\course\大三\計算機圖學\opengl_hw\opengl_hw\common\enemy.cpp(581): warning C4244: '引數': 將 'double' 轉換為 'float'，由於類型不同，可能導致資料遺失
d:\users\course\大三\計算機圖學\opengl_hw\opengl_hw\common\enemy.cpp(582): warning C4244: '引數': 將 'double' 轉換為 'float'，由於類型不同，可能導致資料遺失
d:\users\course\大三\計算機圖學\opengl_hw\opengl_hw\common\enemy.cpp(638): warning C4244: '引數': 將 'double' 轉換為 'float'，由於類型不同，可能導致資料遺失
d:\users\course\大三\計算機圖學\opengl_hw\opengl_hw\common\enemy.cpp(639): warning C4244: '引數': 將 'double' 轉換為 'float'，由於類型不同，可能導致資料遺失
d:\users\course\大三\計算機圖學\opengl_hw\opengl_hw\common\enemy.cpp(649): warning C4244: '引數': 將 'double' 轉換為 'float'，由於類型不同，可能導致資料遺失
d:\users\course\大三\計算機圖學\opengl_hw\opengl_hw\common\enemy.cpp(650): warning C4244: '引數': 將 'double' 轉換為 'float'，由於類型不同，可能導致資料遺失
d:\users\course\大三\計算機圖學\opengl_hw\opengl_hw\common\enemy.cpp(662): warning C4244: '引數': 將 'double' 轉換為 'float'，由於類型不同，可能導致資料遺失
d:\users\course\大三\計算機圖學\opengl_hw\opengl_hw\common\enemy.cpp(663): warning C4244: '引數': 將 'double' 轉換為 'float'，由於類型不同，可能導致資料遺失
  Defense.cpp
d:\users\course\大三\計算機圖學\opengl_hw\opengl_hw\common\defense.cpp(27): warning C4244: '引數': 將 'double' 轉換為 'float'，由於類型不同，可能導致資料遺失
d:\users\course\大三\計算機圖學\opengl_hw\opengl_hw\common\defense.cpp(28): warning C4244: '引數': 將 'double' 轉換為 'float'，由於類型不同，可能導致資料遺失
  common.cpp
d:\users\course\大三\計算機圖學\opengl_hw\opengl_hw\common\common.cpp(73): warning C4305: '引數': 從 'double' 轉換為 'GLfloat'，是由較大的類型轉換為較小的類型，可能導致資料遺失
  Collision.cpp
  Bullet.cpp
d:\users\course\大三\計算機圖學\opengl_hw\opengl_hw\common\bullet.cpp(31): warning C4244: '引數': 將 'double' 轉換為 'float'，由於類型不同，可能導致資料遺失
d:\users\course\大三\計算機圖學\opengl_hw\opengl_hw\common\bullet.cpp(32): warning C4244: '引數': 將 'double' 轉換為 'float'，由於類型不同，可能導致資料遺失
d:\users\course\大三\計算機圖學\opengl_hw\opengl_hw\common\bullet.cpp(73): warning C4244: '引數': 將 'double' 轉換為 'float'，由於類型不同，可能導致資料遺失
d:\users\course\大三\計算機圖學\opengl_hw\opengl_hw\common\bullet.cpp(74): warning C4244: '引數': 將 'double' 轉換為 'float'，由於類型不同，可能導致資料遺失
  正在產生程式碼...
  OpenGL_HW.vcxproj -> D:\Users\Course\大三\計算機圖學\OpenGL_HW\Debug\OpenGL_HW.exe
  OpenGL_HW.vcxproj -> D:\Users\Course\大三\計算機圖學\OpenGL_HW\Debug\OpenGL_HW.pdb (Full PDB)
