d:\users\course\大三\計算機圖學\opengl_hw\opengl_hw\debug\vc140.pdb
d:\users\course\大三\計算機圖學\opengl_hw\opengl_hw\debug\vc140.idb
d:\users\course\大三\計算機圖學\opengl_hw\opengl_hw\debug\bullet.obj
d:\users\course\大三\計算機圖學\opengl_hw\opengl_hw\debug\common.obj
d:\users\course\大三\計算機圖學\opengl_hw\opengl_hw\debug\pboat.obj
d:\users\course\大三\計算機圖學\opengl_hw\opengl_hw\debug\planet.obj
d:\users\course\大三\計算機圖學\opengl_hw\opengl_hw\debug\timer.obj
d:\users\course\大三\計算機圖學\opengl_hw\opengl_hw\debug\transform.obj
d:\users\course\大三\計算機圖學\opengl_hw\opengl_hw\debug\initshader.obj
d:\users\course\大三\計算機圖學\opengl_hw\opengl_hw\debug\mainscene.obj
d:\users\course\大三\計算機圖學\opengl_hw\opengl_hw\debug\main.obj
d:\users\course\大三\計算機圖學\opengl_hw\opengl_hw\debug\enemy.obj
d:\users\course\大三\計算機圖學\opengl_hw\opengl_hw\debug\collision.obj
d:\users\course\大三\計算機圖學\opengl_hw\opengl_hw\debug\enemymanager.obj
d:\users\course\大三\計算機圖學\opengl_hw\debug\opengl_hw.ilk
d:\users\course\大三\計算機圖學\opengl_hw\debug\opengl_hw.exe
d:\users\course\大三\計算機圖學\opengl_hw\debug\opengl_hw.pdb
d:\users\course\大三\計算機圖學\opengl_hw\opengl_hw\debug\bullet.obj.enc
d:\users\course\大三\計算機圖學\opengl_hw\opengl_hw\debug\opengl_hw.tlog\cl.command.1.tlog
d:\users\course\大三\計算機圖學\opengl_hw\opengl_hw\debug\opengl_hw.tlog\cl.read.1.tlog
d:\users\course\大三\計算機圖學\opengl_hw\opengl_hw\debug\opengl_hw.tlog\cl.write.1.tlog
d:\users\course\大三\計算機圖學\opengl_hw\opengl_hw\debug\opengl_hw.tlog\link.command.1.tlog
d:\users\course\大三\計算機圖學\opengl_hw\opengl_hw\debug\opengl_hw.tlog\link.read.1.tlog
d:\users\course\大三\計算機圖學\opengl_hw\opengl_hw\debug\opengl_hw.tlog\link.write.1.tlog
